<?xml version="1.0" encoding="UTF-8"?>
<!-- Generated by org.testng.reporters.JUnitReportReporter -->
<testsuite hostname="IN-PF3N8NLW" failures="0" tests="2" name="com.amazon.tests.AmazonCartTest" time="56.013" errors="0" timestamp="2026-06-10T17:17:28 IST" skipped="0">
  <testcase classname="com.amazon.tests.AmazonCartTest" name="testAddGalaxyToCart" time="28.128"/>
  <testcase classname="com.amazon.tests.AmazonCartTest" name="testAddIphoneToCart" time="27.885"/>
</testsuite> <!-- com.amazon.tests.AmazonCartTest -->
