<?xml version="1.0" encoding="UTF-8"?>
<!-- Generated by org.testng.reporters.JUnitReportReporter -->
<testsuite hostname="IN-PF3N8NLW" failures="0" tests="2" name="com.amazon.tests.AmazonCartTest" time="52.487" errors="0" timestamp="2026-06-10T11:52:06 IST" skipped="0">
  <testcase classname="com.amazon.tests.AmazonCartTest" name="testAddGalaxyToCart" time="26.471"/>
  <testcase classname="com.amazon.tests.AmazonCartTest" name="testAddIphoneToCart" time="26.016"/>
</testsuite> <!-- com.amazon.tests.AmazonCartTest -->
